


ARM Macro Assembler    Page 1 


    1 00000000                 AREA             RESET, DATA, READONLY
    2 00000000                 EXPORT           __Vectors
    3 00000000         __Vectors
    4 00000000 20008000        DCD              0x20008000
    5 00000004 00000000        DCD              Reset_Handler
    6 00000008                 ALIGN
    7 00000008         
    8 00000008                 AREA             myCode, CODE, ReadOnly
    9 00000000                 ENTRY
   10 00000000                 EXPORT           Reset_Handler
   11 00000000         
   12 00000000         Reset_Handler
   13 00000000 F04F 0006       MOV              R0,#6       ; R0 elements count
                                                             
   14 00000004 F06F 010D       MOV              R1,#-14     ; from R1 to R6 are
                                                             the elements 
   15 00000008 F04F 0205       MOV              R2,#5
   16 0000000C F04F 0320       MOV              R3,#32
   17 00000010 F06F 0406       MOV              R4,#-7
   18 00000014 F04F 0500       MOV              R5,#0
   19 00000018 F06F 0604       MOV              R6,#-5
   20 0000001C B470            push             {R4,R5,R6}
   21 0000001E F000 F801       BL               min_max
   22 00000022 E7FE    exit    B                exit
   23 00000024         
   24 00000024 F04F 0700 
                       min_max MOV              R7,#0       ;Counter
   25 00000028 B40C            push             {R2-R3}
   26 0000002A F101 0300       ADD              R3,R1,#0
   27 0000002E         
   28 0000002E 4287    Loop    CMP              R7,R0
   29 00000030 D00C            BEQ              Exit_Loop
   30 00000032 BC04            POP              {R2}
   31 00000034 4291            CMP              R1,R2
   32 00000036 DB03            BLT              Gt
   33 00000038 4611            MOV              R1,R2
   34 0000003A F107 0701       ADD              R7,#1
   35 0000003E E7F6            B                Loop
   36 00000040 4293    Gt      CMP              R3,R2
   37 00000042 DA00            BGE              GT_end
   38 00000044 4613            MOV              R3,R2
   39 00000046 F107 0701 
                       GT_end  ADD              R7,#1
   40 0000004A E7F0            B                Loop
   41 0000004C 4618    Exit_Loop
                               MOV              R0,R3
   42 0000004E 4770            BX               LR
   43 00000050         
   44 00000050                 end
Command Line: --debug --xref --cpu=Cortex-M4.fp --apcs=interwork --depend=.\lab
22.d -o.\lab22.o -IC:\Keil\ARM\RV31\INC -IC:\Keil\ARM\CMSIS\Include -IC:\Keil\A
RM\Inc\TI\TM4C123 --predefine="__EVAL SETA 1" --list=.\lab22.lst Lab22.s



ARM Macro Assembler    Page 1 Alphabetic symbol ordering
Relocatable symbols

RESET 00000000

Symbol: RESET
   Definitions
      At line 1 in file Lab22.s
   Uses
      None
Comment: RESET unused
__Vectors 00000000

Symbol: __Vectors
   Definitions
      At line 3 in file Lab22.s
   Uses
      At line 2 in file Lab22.s
Comment: __Vectors used once
2 symbols



ARM Macro Assembler    Page 1 Alphabetic symbol ordering
Relocatable symbols

Exit_Loop 0000004C

Symbol: Exit_Loop
   Definitions
      At line 41 in file Lab22.s
   Uses
      At line 29 in file Lab22.s
Comment: Exit_Loop used once
GT_end 00000046

Symbol: GT_end
   Definitions
      At line 39 in file Lab22.s
   Uses
      At line 37 in file Lab22.s
Comment: GT_end used once
Gt 00000040

Symbol: Gt
   Definitions
      At line 36 in file Lab22.s
   Uses
      At line 32 in file Lab22.s
Comment: Gt used once
Loop 0000002E

Symbol: Loop
   Definitions
      At line 28 in file Lab22.s
   Uses
      At line 35 in file Lab22.s
      At line 40 in file Lab22.s

Reset_Handler 00000000

Symbol: Reset_Handler
   Definitions
      At line 12 in file Lab22.s
   Uses
      At line 5 in file Lab22.s
      At line 10 in file Lab22.s

exit 00000022

Symbol: exit
   Definitions
      At line 22 in file Lab22.s
   Uses
      At line 22 in file Lab22.s
Comment: exit used once
min_max 00000024

Symbol: min_max
   Definitions
      At line 24 in file Lab22.s
   Uses
      At line 21 in file Lab22.s
Comment: min_max used once
myCode 00000000



ARM Macro Assembler    Page 2 Alphabetic symbol ordering
Relocatable symbols


Symbol: myCode
   Definitions
      At line 8 in file Lab22.s
   Uses
      None
Comment: myCode unused
8 symbols
342 symbols in table
